<?xml version="1.0" encoding="UTF-8"?>
<testng-results ignored="0" total="1" passed="1" failed="0" skipped="0">
  <reporter-output>
  </reporter-output>
  <suite started-at="2023-11-30T17:21:45 IST" name="Default suite" finished-at="2023-11-30T17:21:53 IST" duration-ms="8209">
    <groups>
    </groups>
    <test started-at="2023-11-30T17:21:45 IST" name="Default test" finished-at="2023-11-30T17:21:53 IST" duration-ms="8209">
      <class name="Admin_Module_SCM_Flex.DeletingRetailer_Test">
        <test-method signature="test()[pri:0, instance:Admin_Module_SCM_Flex.DeletingRetailer_Test@4f83df68]" started-at="2023-11-30T17:21:45 IST" name="test" finished-at="2023-11-30T17:21:53 IST" duration-ms="8144" status="PASS">
          <reporter-output>
          </reporter-output>
        </test-method> <!-- test -->
      </class> <!-- Admin_Module_SCM_Flex.DeletingRetailer_Test -->
    </test> <!-- Default test -->
  </suite> <!-- Default suite -->
</testng-results>
